# JRE version: Java(TM) SE Runtime Environment (17.0.12+8) (build 17.0.12+8-LTS-286)
# Java VM: Java HotSpot(TM) 64-Bit Server VM (17.0.12+8-LTS-286, mixed mode, sharing, tiered, compressed oops, compressed class ptrs, g1 gc, windows-amd64)
GC Precious Log:
 CPUs: 12 total, 12 available
 Memory: 7521M
 Large Page Support: Disabled
 NUMA Support: Disabled
 Compressed Oops: Enabled (32-bit)
 Heap Region Size: 1M
 Heap Min Capacity: 8M
 Heap Initial Capacity: 118M
 Heap Max Capacity: 1882M
 Pre-touch: Disabled
 Parallel Workers: 10
 Concurrent Workers: 3
 Concurrent Refinement Workers: 10
 Periodic GC: Disabled
Heap:
 garbage-first heap   total 65536K, used 35521K [0x000000008a600000, 0x0000000100000000)
  region size 1024K, 9 young (9216K), 1 survivors (1024K)
 Metaspace       used 55106K, committed 55616K, reserved 1114112K
  class space    used 6806K, committed 7040K, reserved 1048576K
GC Heap History (20 events):
Event: 36885.037 GC heap before
{Heap before GC invocations=47 (full 0):
 garbage-first heap   total 65536K, used 54954K [0x000000008a600000, 0x0000000100000000)
  region size 1024K, 27 young (27648K), 1 survivors (1024K)
 Metaspace       used 55038K, committed 55488K, reserved 1114112K
  class space    used 6805K, committed 7040K, reserved 1048576K
}
Event: 36885.069 GC heap after
{Heap after GC invocations=48 (full 0):
 garbage-first heap   total 65536K, used 28173K [0x000000008a600000, 0x0000000100000000)
  region size 1024K, 1 young (1024K), 1 survivors (1024K)
 Metaspace       used 55038K, committed 55488K, reserved 1114112K
  class space    used 6805K, committed 7040K, reserved 1048576K
}
Event: 38296.993 GC heap before
{Heap before GC invocations=48 (full 0):
 garbage-first heap   total 65536K, used 53773K [0x000000008a600000, 0x0000000100000000)
  region size 1024K, 27 young (27648K), 1 survivors (1024K)
 Metaspace       used 55065K, committed 55488K, reserved 1114112K
  class space    used 6805K, committed 7040K, reserved 1048576K
}
Event: 38297.031 GC heap after
{Heap after GC invocations=49 (full 0):
 garbage-first heap   total 65536K, used 28136K [0x000000008a600000, 0x0000000100000000)
  region size 1024K, 1 young (1024K), 1 survivors (1024K)
 Metaspace       used 55065K, committed 55488K, reserved 1114112K
  class space    used 6805K, committed 7040K, reserved 1048576K
}
Event: 39682.593 GC heap before
{Heap before GC invocations=49 (full 0):
 garbage-first heap   total 65536K, used 54760K [0x000000008a600000, 0x0000000100000000)
  region size 1024K, 27 young (27648K), 1 survivors (1024K)
 Metaspace       used 55077K, committed 55488K, reserved 1114112K
  class space    used 6805K, committed 7040K, reserved 1048576K
}
Event: 39682.624 GC heap after
{Heap after GC invocations=50 (full 0):
 garbage-first heap   total 65536K, used 28285K [0x000000008a600000, 0x0000000100000000)
  region size 1024K, 1 young (1024K), 1 survivors (1024K)
 Metaspace       used 55077K, committed 55488K, reserved 1114112K
  class space    used 6805K, committed 7040K, reserved 1048576K
}
Event: 41119.562 GC heap before
{Heap before GC invocations=50 (full 0):
 garbage-first heap   total 65536K, used 54909K [0x000000008a600000, 0x0000000100000000)
  region size 1024K, 27 young (27648K), 1 survivors (1024K)
 Metaspace       used 55083K, committed 55552K, reserved 1114112K
  class space    used 6805K, committed 7040K, reserved 1048576K
}
Event: 41119.595 GC heap after
{Heap after GC invocations=51 (full 0):
 garbage-first heap   total 65536K, used 28161K [0x000000008a600000, 0x0000000100000000)
  region size 1024K, 1 young (1024K), 1 survivors (1024K)
 Metaspace       used 55083K, committed 55552K, reserved 1114112K
  class space    used 6805K, committed 7040K, reserved 1048576K
}
Event: 42500.796 GC heap before
{Heap before GC invocations=51 (full 0):
 garbage-first heap   total 65536K, used 54785K [0x000000008a600000, 0x0000000100000000)
  region size 1024K, 27 young (27648K), 1 survivors (1024K)
 Metaspace       used 55089K, committed 55552K, reserved 1114112K
  class space    used 6806K, committed 7040K, reserved 1048576K
}
Event: 42500.828 GC heap after
{Heap after GC invocations=52 (full 0):
 garbage-first heap   total 65536K, used 28333K [0x000000008a600000, 0x0000000100000000)
  region size 1024K, 1 young (1024K), 1 survivors (1024K)
 Metaspace       used 55089K, committed 55552K, reserved 1114112K
  class space    used 6806K, committed 7040K, reserved 1048576K
}
Event: 43916.379 GC heap before
{Heap before GC invocations=52 (full 0):
 garbage-first heap   total 65536K, used 54957K [0x000000008a600000, 0x0000000100000000)
  region size 1024K, 27 young (27648K), 1 survivors (1024K)
 Metaspace       used 55089K, committed 55552K, reserved 1114112K
  class space    used 6806K, committed 7040K, reserved 1048576K
}
Event: 43916.416 GC heap after
{Heap after GC invocations=53 (full 0):
 garbage-first heap   total 65536K, used 28337K [0x000000008a600000, 0x0000000100000000)
  region size 1024K, 1 young (1024K), 1 survivors (1024K)
 Metaspace       used 55089K, committed 55552K, reserved 1114112K
  class space    used 6806K, committed 7040K, reserved 1048576K
}
Event: 45293.368 GC heap before
{Heap before GC invocations=53 (full 0):
 garbage-first heap   total 65536K, used 53937K [0x000000008a600000, 0x0000000100000000)
  region size 1024K, 27 young (27648K), 1 survivors (1024K)
 Metaspace       used 55093K, committed 55552K, reserved 1114112K
  class space    used 6806K, committed 7040K, reserved 1048576K
}
Event: 45293.394 GC heap after
{Heap after GC invocations=54 (full 0):
 garbage-first heap   total 65536K, used 28379K [0x000000008a600000, 0x0000000100000000)
  region size 1024K, 1 young (1024K), 1 survivors (1024K)
 Metaspace       used 55093K, committed 55552K, reserved 1114112K
  class space    used 6806K, committed 7040K, reserved 1048576K
}
Event: 46706.267 GC heap before
{Heap before GC invocations=54 (full 0):
 garbage-first heap   total 65536K, used 55003K [0x000000008a600000, 0x0000000100000000)
  region size 1024K, 27 young (27648K), 1 survivors (1024K)
 Metaspace       used 55097K, committed 55616K, reserved 1114112K
  class space    used 6806K, committed 7040K, reserved 1048576K
}
Event: 46706.314 GC heap after
{Heap after GC invocations=55 (full 0):
 garbage-first heap   total 65536K, used 28374K [0x000000008a600000, 0x0000000100000000)
  region size 1024K, 1 young (1024K), 1 survivors (1024K)
 Metaspace       used 55097K, committed 55616K, reserved 1114112K
  class space    used 6806K, committed 7040K, reserved 1048576K
}
Event: 48633.073 GC heap before
{Heap before GC invocations=55 (full 0):
 garbage-first heap   total 65536K, used 54998K [0x000000008a600000, 0x0000000100000000)
  region size 1024K, 27 young (27648K), 1 survivors (1024K)
 Metaspace       used 55099K, committed 55616K, reserved 1114112K
  class space    used 6806K, committed 7040K, reserved 1048576K
}
Event: 48633.307 GC heap after
{Heap after GC invocations=56 (full 0):
 garbage-first heap   total 65536K, used 28373K [0x000000008a600000, 0x0000000100000000)
  region size 1024K, 1 young (1024K), 1 survivors (1024K)
 Metaspace       used 55099K, committed 55616K, reserved 1114112K
  class space    used 6806K, committed 7040K, reserved 1048576K
}
Event: 50046.361 GC heap before
{Heap before GC invocations=56 (full 0):
 garbage-first heap   total 65536K, used 54997K [0x000000008a600000, 0x0000000100000000)
  region size 1024K, 27 young (27648K), 1 survivors (1024K)
 Metaspace       used 55106K, committed 55616K, reserved 1114112K
  class space    used 6806K, committed 7040K, reserved 1048576K
}
Event: 50046.437 GC heap after
{Heap after GC invocations=57 (full 0):
 garbage-first heap   total 65536K, used 28353K [0x000000008a600000, 0x0000000100000000)
  region size 1024K, 1 young (1024K), 1 survivors (1024K)
 Metaspace       used 55106K, committed 55616K, reserved 1114112K
  class space    used 6806K, committed 7040K, reserved 1048576K
}

